TN:
SF:src\slices\filter\filterReducer.ts
FN:17,setFilter
FNF:1
FNH:1
FNDA:2,setFilter
DA:1,1
DA:2,1
DA:3,1
DA:4,1
DA:5,1
DA:6,1
DA:7,1
DA:8,1
DA:9,1
DA:10,1
DA:11,1
DA:12,1
DA:13,1
DA:14,1
DA:15,1
DA:16,1
DA:17,1
DA:18,2
DA:19,1
DA:20,1
DA:21,1
DA:22,1
DA:23,1
DA:24,1
LF:24
LH:24
BRDA:17,0,0,2
BRF:1
BRH:1
end_of_record
TN:
SF:src\slices\root\rootReducer.ts
FNF:0
FNH:0
DA:1,1
DA:2,1
DA:3,1
DA:4,1
DA:5,1
DA:6,1
DA:7,1
DA:8,1
DA:9,1
DA:10,1
LF:10
LH:10
BRF:0
BRH:0
end_of_record
TN:
SF:src\slices\todo\toDoReducer.ts
FN:15,addTodo
FN:18,toggleTodo
FN:24,deleteTodo
FN:27,clearCompleted
FNF:4
FNH:4
FNDA:1,addTodo
FNDA:1,toggleTodo
FNDA:1,deleteTodo
FNDA:1,clearCompleted
DA:1,1
DA:2,1
DA:3,1
DA:4,1
DA:5,1
DA:6,1
DA:7,1
DA:8,1
DA:9,1
DA:10,1
DA:11,1
DA:12,1
DA:13,1
DA:14,1
DA:15,1
DA:16,1
DA:17,1
DA:18,1
DA:19,1
DA:20,1
DA:21,1
DA:22,1
DA:23,1
DA:24,1
DA:25,1
DA:26,1
DA:27,1
DA:28,1
DA:29,1
DA:30,1
DA:31,1
DA:32,1
DA:33,1
DA:34,1
DA:35,1
LF:35
LH:35
BRDA:15,0,0,1
BRDA:18,1,0,1
BRDA:19,2,0,1
BRDA:24,3,0,1
BRDA:25,4,0,2
BRDA:27,5,0,1
BRDA:28,6,0,2
BRF:7
BRH:7
end_of_record
